<?xml version="1.0" encoding="UTF-8"?>
<testsuite name="com.RestAPITesting.Test.ApiTest" tests="6" skipped="0" failures="1" errors="0" timestamp="2022-02-26T16:29:04" hostname="bijendra-mac" time="68.063">
  <properties/>
  <testcase name="testCreateBookingReturns200" classname="com.RestAPITesting.Test.ApiTest" time="2.663">
    <failure message="org.junit.ComparisonFailure: [HTTP/1.1 500 Internal Server Error] expected:&lt;[2]00&gt; but was:&lt;[5]00&gt;" type="org.junit.ComparisonFailure">org.junit.ComparisonFailure: [HTTP/1.1 500 Internal Server Error] expected:&lt;[2]00&gt; but was:&lt;[5]00&gt;
	at java.base/jdk.internal.reflect.NativeConstructorAccessorImpl.newInstance0(Native Method)
	at java.base/jdk.internal.reflect.NativeConstructorAccessorImpl.newInstance(NativeConstructorAccessorImpl.java:78)
	at java.base/jdk.internal.reflect.DelegatingConstructorAccessorImpl.newInstance(DelegatingConstructorAccessorImpl.java:45)
	at java.base/java.lang.reflect.Constructor.newInstanceWithCaller(Constructor.java:499)
	at com.RestAPITesting.Test.ApiTest.testCreateBookingReturns200(ApiTest.java:85)
	at java.base/jdk.internal.reflect.NativeMethodAccessorImpl.invoke0(Native Method)
	at java.base/jdk.internal.reflect.NativeMethodAccessorImpl.invoke(NativeMethodAccessorImpl.java:78)
	at java.base/jdk.internal.reflect.DelegatingMethodAccessorImpl.invoke(DelegatingMethodAccessorImpl.java:43)
	at java.base/java.lang.reflect.Method.invoke(Method.java:567)
	at org.testng.internal.MethodInvocationHelper.invokeMethod(MethodInvocationHelper.java:108)
	at org.testng.internal.Invoker.invokeMethod(Invoker.java:661)
	at org.testng.internal.Invoker.invokeTestMethod(Invoker.java:869)
	at org.testng.internal.Invoker.invokeTestMethods(Invoker.java:1193)
	at org.testng.internal.TestMethodWorker.invokeTestMethods(TestMethodWorker.java:126)
	at org.testng.internal.TestMethodWorker.run(TestMethodWorker.java:109)
	at org.testng.TestRunner.privateRun(TestRunner.java:744)
	at org.testng.TestRunner.run(TestRunner.java:602)
	at org.testng.SuiteRunner.runTest(SuiteRunner.java:380)
	at org.testng.SuiteRunner.runSequentially(SuiteRunner.java:375)
	at org.testng.SuiteRunner.privateRun(SuiteRunner.java:340)
	at org.testng.SuiteRunner.run(SuiteRunner.java:289)
	at org.testng.SuiteRunnerWorker.runSuite(SuiteRunnerWorker.java:52)
	at org.testng.SuiteRunnerWorker.run(SuiteRunnerWorker.java:86)
	at org.testng.TestNG.runSuitesSequentially(TestNG.java:1301)
	at org.testng.TestNG.runSuitesLocally(TestNG.java:1226)
	at org.testng.TestNG.runSuites(TestNG.java:1144)
	at org.testng.TestNG.run(TestNG.java:1115)
	at org.gradle.api.internal.tasks.testing.testng.TestNGTestClassProcessor.runTests(TestNGTestClassProcessor.java:141)
	at org.gradle.api.internal.tasks.testing.testng.TestNGTestClassProcessor.stop(TestNGTestClassProcessor.java:90)
	at org.gradle.api.internal.tasks.testing.SuiteTestClassProcessor.stop(SuiteTestClassProcessor.java:61)
	at java.base/jdk.internal.reflect.NativeMethodAccessorImpl.invoke0(Native Method)
	at java.base/jdk.internal.reflect.NativeMethodAccessorImpl.invoke(NativeMethodAccessorImpl.java:78)
	at java.base/jdk.internal.reflect.DelegatingMethodAccessorImpl.invoke(DelegatingMethodAccessorImpl.java:43)
	at java.base/java.lang.reflect.Method.invoke(Method.java:567)
	at org.gradle.internal.dispatch.ReflectionDispatch.dispatch(ReflectionDispatch.java:36)
	at org.gradle.internal.dispatch.ReflectionDispatch.dispatch(ReflectionDispatch.java:24)
	at org.gradle.internal.dispatch.ContextClassLoaderDispatch.dispatch(ContextClassLoaderDispatch.java:33)
	at org.gradle.internal.dispatch.ProxyDispatchAdapter$DispatchingInvocationHandler.invoke(ProxyDispatchAdapter.java:94)
	at jdk.proxy1/jdk.proxy1.$Proxy2.stop(Unknown Source)
	at org.gradle.api.internal.tasks.testing.worker.TestWorker.stop(TestWorker.java:135)
	at java.base/jdk.internal.reflect.NativeMethodAccessorImpl.invoke0(Native Method)
	at java.base/jdk.internal.reflect.NativeMethodAccessorImpl.invoke(NativeMethodAccessorImpl.java:78)
	at java.base/jdk.internal.reflect.DelegatingMethodAccessorImpl.invoke(DelegatingMethodAccessorImpl.java:43)
	at java.base/java.lang.reflect.Method.invoke(Method.java:567)
	at org.gradle.internal.dispatch.ReflectionDispatch.dispatch(ReflectionDispatch.java:36)
	at org.gradle.internal.dispatch.ReflectionDispatch.dispatch(ReflectionDispatch.java:24)
	at org.gradle.internal.remote.internal.hub.MessageHubBackedObjectConnection$DispatchWrapper.dispatch(MessageHubBackedObjectConnection.java:182)
	at org.gradle.internal.remote.internal.hub.MessageHubBackedObjectConnection$DispatchWrapper.dispatch(MessageHubBackedObjectConnection.java:164)
	at org.gradle.internal.remote.internal.hub.MessageHub$Handler.run(MessageHub.java:414)
	at org.gradle.internal.concurrent.ExecutorPolicy$CatchAndRecordFailures.onExecute(ExecutorPolicy.java:64)
	at org.gradle.internal.concurrent.ManagedExecutorImpl$1.run(ManagedExecutorImpl.java:48)
	at java.base/java.util.concurrent.ThreadPoolExecutor.runWorker(ThreadPoolExecutor.java:1130)
	at java.base/java.util.concurrent.ThreadPoolExecutor$Worker.run(ThreadPoolExecutor.java:630)
	at org.gradle.internal.concurrent.ThreadFactoryImpl$ManagedThreadRunnable.run(ThreadFactoryImpl.java:56)
	at java.base/java.lang.Thread.run(Thread.java:831)
</failure>
  </testcase>
  <testcase name="testCreateTokenReturns200" classname="com.RestAPITesting.Test.ApiTest" time="5.426"/>
  <testcase name="testGetBookingIdsReturns200" classname="com.RestAPITesting.Test.ApiTest" time="1.208"/>
  <testcase name="testGetBookingReturns200" classname="com.RestAPITesting.Test.ApiTest" time="2.08"/>
  <testcase name="testGetBookingWithIncorrectAcceptReturns418" classname="com.RestAPITesting.Test.ApiTest" time="10.103"/>
  <testcase name="testHealthCheckReturns201" classname="com.RestAPITesting.Test.ApiTest" time="46.29"/>
  <system-out><![CDATA[Response Body is: Internal Server Error
iTestResult Fail: [TestResult name=testCreateBookingReturns200 status=FAILURE method=ApiTest.testCreateBookingReturns200()[pri:0, instance:com.RestAPITesting.Test.ApiTest@43f51d15] output={null}]
iTestResult Fail: [TestResult name=testCreateBookingReturns200 status=FAILURE method=ApiTest.testCreateBookingReturns200()[pri:0, instance:com.RestAPITesting.Test.ApiTest@43f51d15] output={null}]
iTestResult: [TestResult name=testCreateTokenReturns200 status=SUCCESS method=ApiTest.testCreateTokenReturns200()[pri:0, instance:com.RestAPITesting.Test.ApiTest@43f51d15] output={null}]
iTestResult: [TestResult name=testCreateTokenReturns200 status=SUCCESS method=ApiTest.testCreateTokenReturns200()[pri:0, instance:com.RestAPITesting.Test.ApiTest@43f51d15] output={null}]
iTestResult: [TestResult name=testGetBookingIdsReturns200 status=SUCCESS method=ApiTest.testGetBookingIdsReturns200()[pri:0, instance:com.RestAPITesting.Test.ApiTest@43f51d15] output={null}]
iTestResult: [TestResult name=testGetBookingIdsReturns200 status=SUCCESS method=ApiTest.testGetBookingIdsReturns200()[pri:0, instance:com.RestAPITesting.Test.ApiTest@43f51d15] output={null}]
iTestResult: [TestResult name=testGetBookingReturns200 status=SUCCESS method=ApiTest.testGetBookingReturns200()[pri:0, instance:com.RestAPITesting.Test.ApiTest@43f51d15] output={null}]
iTestResult: [TestResult name=testGetBookingReturns200 status=SUCCESS method=ApiTest.testGetBookingReturns200()[pri:0, instance:com.RestAPITesting.Test.ApiTest@43f51d15] output={null}]
iTestResult: [TestResult name=testGetBookingWithIncorrectAcceptReturns418 status=SUCCESS method=ApiTest.testGetBookingWithIncorrectAcceptReturns418()[pri:0, instance:com.RestAPITesting.Test.ApiTest@43f51d15] output={null}]
iTestResult: [TestResult name=testGetBookingWithIncorrectAcceptReturns418 status=SUCCESS method=ApiTest.testGetBookingWithIncorrectAcceptReturns418()[pri:0, instance:com.RestAPITesting.Test.ApiTest@43f51d15] output={null}]
iTestResult: [TestResult name=testHealthCheckReturns201 status=SUCCESS method=ApiTest.testHealthCheckReturns201()[pri:0, instance:com.RestAPITesting.Test.ApiTest@43f51d15] output={null}]
iTestResult: [TestResult name=testHealthCheckReturns201 status=SUCCESS method=ApiTest.testHealthCheckReturns201()[pri:0, instance:com.RestAPITesting.Test.ApiTest@43f51d15] output={null}]
]]></system-out>
  <system-err><![CDATA[]]></system-err>
</testsuite>
